<?xml version="1.0" encoding="UTF-8"?>
<testsuites name="Mocha Tests" time="30.245" tests="5" failures="0">
  <testsuite name="Root Suite" timestamp="2025-07-02T01:15:24" tests="0" file="cypress/e2e/xoi-test.spec.cy.js" time="0.000" failures="0">
  </testsuite>
  <testsuite name="XOi website smoke tests" timestamp="2025-07-02T01:15:24" tests="5" time="30.245" failures="0">
    <testcase name="XOi website smoke tests #T1 Click on each navigation item and verify each page is loaded successfully" time="7.049" classname="#T1 Click on each navigation item and verify each page is loaded successfully">
    </testcase>
    <testcase name="XOi website smoke tests #T2 Hover on each navigation item and verify expanded navigations and their headers" time="6.294" classname="#T2 Hover on each navigation item and verify expanded navigations and their headers">
    </testcase>
    <testcase name="XOi website smoke tests #T3 Verify &quot;How XOi Works&quot; page information blocks" time="1.666" classname="#T3 Verify &quot;How XOi Works&quot; page information blocks">
    </testcase>
    <testcase name="XOi website smoke tests #T4 ROI value calculator page verification" time="8.646" classname="#T4 ROI value calculator page verification">
    </testcase>
    <testcase name="XOi website smoke tests #T5 Verify &quot;Contact us&quot; page" time="6.339" classname="#T5 Verify &quot;Contact us&quot; page">
    </testcase>
  </testsuite>
</testsuites>